[11:36:57] [main/INFO]: ModLauncher running: args [--username, Casmin7, --version, forge-40.1.0, --gameDir, D:\MC Profiles\Instances\comicraft, --assetsDir, D:\MC Profiles\Install\assets, --assetIndex, 1.18, --uuid, 82f7ff2fdabd4b699217fbbd8d63ccff, --accessToken, ????????, --clientId, NmE0ZjdhNzUtZDI3OC00YTc3LWEwM2MtNGVmYzQ2YzcwNGQ0, --xuid, 2535466807799235, --userType, msa, --versionType, release, --width, 1024, --height, 768, --launchTarget, forgeclient, --fml.forgeVersion, 40.1.0, --fml.mcVersion, 1.18.2, --fml.forgeGroup, net.minecraftforge, --fml.mcpVersion, 20220404.173914]
[11:36:57] [main/INFO]: ModLauncher 9.1.3+9.1.3+main.9b69c82a starting: java version 17.0.1 by Microsoft
[11:36:58] [main/INFO]: OptiFineTransformationService.onLoad
[11:36:58] [main/INFO]: OptiFine ZIP file URL: union:/D:/MC%20Profiles/Instances/comicraft/mods/OptiFine_1.18.2_HD_U_H7.jar%2352!/
[11:36:58] [main/INFO]: OptiFine ZIP file: D:\MC Profiles\Instances\comicraft\mods\OptiFine_1.18.2_HD_U_H7.jar
[11:36:58] [main/INFO]: Target.PRE_CLASS is available
[11:36:59] [main/INFO]: SpongePowered MIXIN Subsystem Version=0.8.5 Source=union:/D:/MC%20Profiles/Install/libraries/org/spongepowered/mixin/0.8.5/mixin-0.8.5.jar%2314!/ Service=ModLauncher Env=CLIENT
[11:36:59] [main/INFO]: OptiFineTransformationService.initialize
[11:37:00] [main/INFO]: Found mod file AI-Improvements-1.18-0.4.0.jar of type MOD with locator {mods folder locator at D:\MC Profiles\Instances\comicraft\mods}
[11:37:00] [main/INFO]: Found mod file appleskin-forge-mc1.18-2.4.0.jar of type MOD with locator {mods folder locator at D:\MC Profiles\Instances\comicraft\mods}
[11:37:00] [main/INFO]: Found mod file architectury-4.4.54.jar of type MOD with locator {mods folder locator at D:\MC Profiles\Instances\comicraft\mods}
[11:37:00] [main/INFO]: Found mod file AutoRegLib-1.7-53.jar of type MOD with locator {mods folder locator at D:\MC Profiles\Instances\comicraft\mods}
[11:37:00] [main/INFO]: Found mod file balm-3.0.3+0.jar of type MOD with locator {mods folder locator at D:\MC Profiles\Instances\comicraft\mods}
[11:37:00] [main/INFO]: Found mod file betterfpsdist-1.18.2-1.5.jar of type MOD with locator {mods folder locator at D:\MC Profiles\Instances\comicraft\mods}
[11:37:00] [main/INFO]: Found mod file Bookshelf-Forge-1.18.2-13.0.13.jar of type MOD with locator {mods folder locator at D:\MC Profiles\Instances\comicraft\mods}
[11:37:00] [main/INFO]: Found mod file Botania-1.18.2-431.jar of type MOD with locator {mods folder locator at D:\MC Profiles\Instances\comicraft\mods}
[11:37:00] [main/INFO]: Found mod file buildinggadgets-3.13.0-build.5+mc1.18.2.jar of type MOD with locator {mods folder locator at D:\MC Profiles\Instances\comicraft\mods}
[11:37:00] [main/INFO]: Found mod file Clumps-forge-1.18.2-8.0.0+8.jar of type MOD with locator {mods folder locator at D:\MC Profiles\Instances\comicraft\mods}
[11:37:00] [main/INFO]: Found mod file ColossalChests-1.18.2-1.8.3.jar of type MOD with locator {mods folder locator at D:\MC Profiles\Instances\comicraft\mods}
[11:37:00] [main/INFO]: Found mod file comforts-forge-1.18.2-5.0.0.4.jar of type MOD with locator {mods folder locator at D:\MC Profiles\Instances\comicraft\mods}
[11:37:00] [main/INFO]: Found mod file Controlling-forge-1.18.2-9.0+19.jar of type MOD with locator {mods folder locator at D:\MC Profiles\Instances\comicraft\mods}
[11:37:00] [main/INFO]: Found mod file CosmeticArmorReworked-1.18.2-v2.jar of type MOD with locator {mods folder locator at D:\MC Profiles\Instances\comicraft\mods}
[11:37:00] [main/INFO]: Found mod file craftingtweaks-forge-1.18.1-14.0.2.jar of type MOD with locator {mods folder locator at D:\MC Profiles\Instances\comicraft\mods}
[11:37:00] [main/INFO]: Found mod file create-mc1.18.2_v0.4.1.jar of type MOD with locator {mods folder locator at D:\MC Profiles\Instances\comicraft\mods}
[11:37:00] [main/INFO]: Found mod file createaddition-1.18.2-20220424a.jar of type MOD with locator {mods folder locator at D:\MC Profiles\Instances\comicraft\mods}
[11:37:00] [main/INFO]: Found mod file CTM-1.18.2-1.1.4+4.jar of type MOD with locator {mods folder locator at D:\MC Profiles\Instances\comicraft\mods}
[11:37:00] [main/INFO]: Found mod file Cucumber-1.18.2-5.1.0.jar of type MOD with locator {mods folder locator at D:\MC Profiles\Instances\comicraft\mods}
[11:37:00] [main/INFO]: Found mod file curios-forge-1.18.2-5.0.7.0.jar of type MOD with locator {mods folder locator at D:\MC Profiles\Instances\comicraft\mods}
[11:37:00] [main/INFO]: Found mod file CyclopsCore-1.18.2-1.13.6.jar of type MOD with locator {mods folder locator at D:\MC Profiles\Instances\comicraft\mods}
[11:37:00] [main/INFO]: Found mod file EnchantmentDescriptions-Forge-1.18.2-10.0.3.jar of type MOD with locator {mods folder locator at D:\MC Profiles\Instances\comicraft\mods}
[11:37:00] [main/INFO]: Found mod file FastLeafDecay-28.jar of type MOD with locator {mods folder locator at D:\MC Profiles\Instances\comicraft\mods}
[11:37:00] [main/INFO]: Found mod file ferritecore-4.2.1-forge.jar of type MOD with locator {mods folder locator at D:\MC Profiles\Instances\comicraft\mods}
[11:37:00] [main/INFO]: Found mod file flywheel-forge-1.18-0.6.2.jar of type MOD with locator {mods folder locator at D:\MC Profiles\Instances\comicraft\mods}
[11:37:00] [main/INFO]: Found mod file FramedBlocks-5.1.1-hotfix.jar of type MOD with locator {mods folder locator at D:\MC Profiles\Instances\comicraft\mods}
[11:37:00] [main/INFO]: Found mod file ftb-chunks-forge-1802.3.6-build.138.jar of type MOD with locator {mods folder locator at D:\MC Profiles\Instances\comicraft\mods}
[11:37:00] [main/INFO]: Found mod file ftb-essentials-1802.1.7-build.42.jar of type MOD with locator {mods folder locator at D:\MC Profiles\Instances\comicraft\mods}
[11:37:00] [main/INFO]: Found mod file ftb-library-forge-1802.3.6-build.115.jar of type MOD with locator {mods folder locator at D:\MC Profiles\Instances\comicraft\mods}
[11:37:00] [main/INFO]: Found mod file ftb-quests-forge-1802.3.8-build.101.jar of type MOD with locator {mods folder locator at D:\MC Profiles\Instances\comicraft\mods}
[11:37:00] [main/INFO]: Found mod file ftb-teams-forge-1802.2.6-build.51.jar of type MOD with locator {mods folder locator at D:\MC Profiles\Instances\comicraft\mods}
[11:37:00] [main/INFO]: Found mod file ftb-ultimine-forge-1802.3.3-build.55.jar of type MOD with locator {mods folder locator at D:\MC Profiles\Instances\comicraft\mods}
[11:37:00] [main/INFO]: Found mod file item-filters-forge-1802.2.7-build.25.jar of type MOD with locator {mods folder locator at D:\MC Profiles\Instances\comicraft\mods}
[11:37:00] [main/INFO]: Found mod file Jade-1.18.2-5.1.0.jar of type MOD with locator {mods folder locator at D:\MC Profiles\Instances\comicraft\mods}
[11:37:00] [main/INFO]: Found mod file JadeAddons-1.18.2-2.0.0.jar of type MOD with locator {mods folder locator at D:\MC Profiles\Instances\comicraft\mods}
[11:37:00] [main/INFO]: Found mod file jei-1.18.2-9.7.0.194.jar of type MOD with locator {mods folder locator at D:\MC Profiles\Instances\comicraft\mods}
[11:37:00] [main/INFO]: Found mod file journeymap-1.18.2-5.8.3-forge.jar of type MOD with locator {mods folder locator at D:\MC Profiles\Instances\comicraft\mods}
[11:37:00] [main/INFO]: Found mod file JustEnoughResources-1.18.2-0.14.1.167.jar of type MOD with locator {mods folder locator at D:\MC Profiles\Instances\comicraft\mods}
[11:37:00] [main/INFO]: Found mod file kubejs-create-1802.2.1-build.16.jar of type MOD with locator {mods folder locator at D:\MC Profiles\Instances\comicraft\mods}
[11:37:00] [main/INFO]: Found mod file kubejs-forge-1802.5.1-build.363.jar of type MOD with locator {mods folder locator at D:\MC Profiles\Instances\comicraft\mods}
[11:37:00] [main/INFO]: Found mod file kubejs-mekanism-1802.1.3-build.6.jar of type MOD with locator {mods folder locator at D:\MC Profiles\Instances\comicraft\mods}
[11:37:00] [main/INFO]: Found mod file Mekanism-1.18.2-10.2.0.459.jar of type MOD with locator {mods folder locator at D:\MC Profiles\Instances\comicraft\mods}
[11:37:00] [main/INFO]: Found mod file MekanismGenerators-1.18.2-10.2.0.459.jar of type MOD with locator {mods folder locator at D:\MC Profiles\Instances\comicraft\mods}
[11:37:00] [main/INFO]: Found mod file MekanismTools-1.18.2-10.2.0.459.jar of type MOD with locator {mods folder locator at D:\MC Profiles\Instances\comicraft\mods}
[11:37:00] [main/INFO]: Found mod file MouseTweaks-forge-mc1.18-2.21.jar of type MOD with locator {mods folder locator at D:\MC Profiles\Instances\comicraft\mods}
[11:37:00] [main/INFO]: Found mod file MysticalAgriculture-1.18.2-5.1.0.jar of type MOD with locator {mods folder locator at D:\MC Profiles\Instances\comicraft\mods}
[11:37:00] [main/INFO]: Found mod file Oh_The_Biomes_You'll_Go-forge-1.18.2-1.4-RC-11-all.jar of type MOD with locator {mods folder locator at D:\MC Profiles\Instances\comicraft\mods}
[11:37:00] [main/INFO]: Found mod file Patchouli-1.18.2-67.jar of type MOD with locator {mods folder locator at D:\MC Profiles\Instances\comicraft\mods}
[11:37:00] [main/INFO]: Found mod file Quark-3.2-353.jar of type MOD with locator {mods folder locator at D:\MC Profiles\Instances\comicraft\mods}
[11:37:00] [main/INFO]: Found mod file refinedstorage-1.10.2.jar of type MOD with locator {mods folder locator at D:\MC Profiles\Instances\comicraft\mods}
[11:37:00] [main/INFO]: Found mod file refinedstorageaddons-0.8.2.jar of type MOD with locator {mods folder locator at D:\MC Profiles\Instances\comicraft\mods}
[11:37:00] [main/INFO]: Found mod file rhino-forge-1801.1.9-build.135.jar of type MOD with locator {mods folder locator at D:\MC Profiles\Instances\comicraft\mods}
[11:37:00] [main/INFO]: Found mod file RSInfinityBooster-1.18.2-2.1+16.jar of type MOD with locator {mods folder locator at D:\MC Profiles\Instances\comicraft\mods}
[11:37:00] [main/INFO]: Found mod file rsrequestify-2.2.0.jar of type MOD with locator {mods folder locator at D:\MC Profiles\Instances\comicraft\mods}
[11:37:00] [main/INFO]: Found mod file SimpleStorageNetwork-1.18.2-1.6.1.jar of type MOD with locator {mods folder locator at D:\MC Profiles\Instances\comicraft\mods}
[11:37:00] [main/INFO]: Found mod file spark-1.9.1-forge.jar of type MOD with locator {mods folder locator at D:\MC Profiles\Instances\comicraft\mods}
[11:37:00] [main/INFO]: Found mod file StorageDrawers-1.18.2-10.2.0.jar of type MOD with locator {mods folder locator at D:\MC Profiles\Instances\comicraft\mods}
[11:37:00] [main/INFO]: Found mod file tbouncepad-2.2-1.18.2.jar of type MOD with locator {mods folder locator at D:\MC Profiles\Instances\comicraft\mods}
[11:37:00] [main/INFO]: Found mod file TConstruct-1.18.1-3.4.2.60.jar of type MOD with locator {mods folder locator at D:\MC Profiles\Instances\comicraft\mods}
[11:37:00] [main/INFO]: Found mod file TerraBlender-forge-1.18.2-1.1.0.99.jar of type MOD with locator {mods folder locator at D:\MC Profiles\Instances\comicraft\mods}
[11:37:00] [main/INFO]: Found mod file torchmaster-18.1.0.jar of type MOD with locator {mods folder locator at D:\MC Profiles\Instances\comicraft\mods}
[11:37:00] [main/INFO]: Found mod file waystones-forge-1.18.2-10.0.0.jar of type MOD with locator {mods folder locator at D:\MC Profiles\Instances\comicraft\mods}
[11:37:01] [main/INFO]: Found mod file fmlcore-1.18.2-40.1.0.jar of type LIBRARY with locator net.minecraftforge.fml.loading.moddiscovery.MinecraftLocator@50d68830
[11:37:01] [main/INFO]: Found mod file javafmllanguage-1.18.2-40.1.0.jar of type LANGPROVIDER with locator net.minecraftforge.fml.loading.moddiscovery.MinecraftLocator@50d68830
[11:37:01] [main/INFO]: Found mod file mclanguage-1.18.2-40.1.0.jar of type LANGPROVIDER with locator net.minecraftforge.fml.loading.moddiscovery.MinecraftLocator@50d68830
[11:37:01] [main/INFO]: Found mod file client-1.18.2-20220404.173914-srg.jar of type MOD with locator net.minecraftforge.fml.loading.moddiscovery.MinecraftLocator@50d68830
[11:37:01] [main/INFO]: Found mod file forge-1.18.2-40.1.0-universal.jar of type MOD with locator net.minecraftforge.fml.loading.moddiscovery.MinecraftLocator@50d68830
[11:37:01] [main/ERROR]: Missing mandatory dependencies: mantle
[11:37:03] [main/INFO]: OptiFineTransformationService.transformers
[11:37:03] [main/INFO]: Targets: 350
[11:37:04] [main/INFO]: additionalClassesLocator: [optifine., net.optifine.]
[11:37:10] [main/INFO]: Compatibility level set to JAVA_17
[11:37:11] [main/INFO]: Launching target 'forgeclient' with arguments [--version, forge-40.1.0, --gameDir, D:\MC Profiles\Instances\comicraft, --assetsDir, D:\MC Profiles\Install\assets, --uuid, 82f7ff2fdabd4b699217fbbd8d63ccff, --username, Casmin7, --assetIndex, 1.18, --accessToken, ????????, --clientId, NmE0ZjdhNzUtZDI3OC00YTc3LWEwM2MtNGVmYzQ2YzcwNGQ0, --xuid, 2535466807799235, --userType, msa, --versionType, release, --width, 1024, --height, 768]
[11:37:12] [main/WARN]: Reference map 'rhino-forge-refmap.json' for rhino.mixins.json could not be read. If this is a development environment you can ignore this message
[11:37:52] [Render thread/WARN]: Assets URL 'union:/D:/MC%20Profiles/Install/libraries/net/minecraft/client/1.18.2-20220404.173914/client-1.18.2-20220404.173914-srg.jar%23116!/assets/.mcassetsroot' uses unexpected schema
[11:37:52] [Render thread/WARN]: Assets URL 'union:/D:/MC%20Profiles/Install/libraries/net/minecraft/client/1.18.2-20220404.173914/client-1.18.2-20220404.173914-srg.jar%23116!/data/.mcassetsroot' uses unexpected schema
[11:37:52] [Render thread/INFO]: Environment: authHost='https://authserver.mojang.com', accountsHost='https://api.mojang.com', sessionHost='https://sessionserver.mojang.com', servicesHost='https://api.minecraftservices.com', name='PROD'
[11:37:54] [Render thread/INFO]: Setting user: Casmin7
[11:37:54] [Render thread/INFO]: [OptiFine] (Reflector) Class not present: net.minecraft.launchwrapper.Launch
[11:37:54] [Render thread/INFO]: Backend library: LWJGL version 3.2.2 SNAPSHOT
[11:37:55] [Render thread/INFO]: Loaded client.properties
[11:37:58] [Render thread/INFO]: [OptiFine] 
[11:37:58] [Render thread/INFO]: [OptiFine] OptiFine_1.18.2_HD_U_H7
[11:37:58] [Render thread/INFO]: [OptiFine] Build: 20220410-185216
[11:37:58] [Render thread/INFO]: [OptiFine] OS: Windows 10 (amd64) version 10.0
[11:37:58] [Render thread/INFO]: [OptiFine] Java: 17.0.1, Microsoft
[11:37:58] [Render thread/INFO]: [OptiFine] VM: OpenJDK 64-Bit Server VM (mixed mode), Microsoft
[11:37:58] [Render thread/INFO]: [OptiFine] LWJGL: 3.3.0 Win32 WGL EGL OSMesa VisualC DLL
[11:37:58] [Render thread/INFO]: [OptiFine] OpenGL: AMD Radeon(TM) Vega 8 Graphics , version 3.2.14800 Core Profile Forward-Compatible Context 22.3.1 30.0.15002.1004, ATI Technologies Inc.
[11:37:58] [Render thread/INFO]: [OptiFine] OpenGL Version: 3.2.14800
[11:37:58] [Render thread/INFO]: [OptiFine] Maximum texture size: 16384x16384
[11:37:58] [VersionCheck/INFO]: [OptiFine] Checking for new version
[11:38:00] [VersionCheck/INFO]: [OptiFine] Version found: H6
[11:38:00] [Render thread/INFO]: [Shaders] OpenGL Version: 3.2.14800 Core Profile Forward-Compatible Context 22.3.1 30.0.15002.1004
[11:38:00] [Render thread/INFO]: [Shaders] Vendor:  ATI Technologies Inc.
[11:38:00] [Render thread/INFO]: [Shaders] Renderer: AMD Radeon(TM) Vega 8 Graphics 
[11:38:00] [Render thread/INFO]: [Shaders] Capabilities:  2.0  2.1  3.0  3.2  - 
[11:38:00] [Render thread/INFO]: [Shaders] GL_MAX_DRAW_BUFFERS: 8
[11:38:00] [Render thread/INFO]: [Shaders] GL_MAX_COLOR_ATTACHMENTS: 8
[11:38:00] [Render thread/INFO]: [Shaders] GL_MAX_TEXTURE_IMAGE_UNITS: 32
[11:38:00] [Render thread/INFO]: [Shaders] Load shaders configuration.
[11:38:00] [Render thread/INFO]: [Shaders] Save shaders configuration.
[11:38:00] [Render thread/INFO]: [Shaders] No shaderpack loaded.
[11:38:00] [Render thread/INFO]: [OptiFine] [Shaders] Delayed loading of item mappings after resources are loaded
[11:38:00] [Render thread/INFO]: [OptiFine] [Shaders] Delayed loading of entity mappings after resources are loaded
[11:38:02] [Render thread/FATAL]: Error during pre-loading phase
net.minecraftforge.fml.ModLoadingException: Mod §etconstruct§r requires §6mantle§r §o1.8.36 or above§r
§7Currently, §6mantle§r§7 is §o§nnot installed
	at net.minecraftforge.fml.ModLoadingException.lambda$fromEarlyException$0(ModLoadingException.java:50) ~[fmlcore-1.18.2-40.1.0.jar%23117!/:?]
	at java.util.stream.ReferencePipeline$3$1.accept(ReferencePipeline.java:197) ~[?:?]
	at java.util.AbstractList$RandomAccessSpliterator.forEachRemaining(AbstractList.java:720) ~[?:?]
	at java.util.stream.AbstractPipeline.copyInto(AbstractPipeline.java:509) ~[?:?]
	at java.util.stream.AbstractPipeline.wrapAndCopyInto(AbstractPipeline.java:499) ~[?:?]
	at java.util.stream.ForEachOps$ForEachOp.evaluateSequential(ForEachOps.java:150) ~[?:?]
	at java.util.stream.ForEachOps$ForEachOp$OfRef.evaluateSequential(ForEachOps.java:173) ~[?:?]
	at java.util.stream.AbstractPipeline.evaluate(AbstractPipeline.java:234) ~[?:?]
	at java.util.stream.ReferencePipeline.forEach(ReferencePipeline.java:596) ~[?:?]
	at java.util.stream.ReferencePipeline$7$1.accept(ReferencePipeline.java:276) ~[?:?]
	at java.util.ArrayList$ArrayListSpliterator.forEachRemaining(ArrayList.java:1625) ~[?:?]
	at java.util.stream.AbstractPipeline.copyInto(AbstractPipeline.java:509) ~[?:?]
	at java.util.stream.AbstractPipeline.wrapAndCopyInto(AbstractPipeline.java:499) ~[?:?]
	at java.util.stream.ReduceOps$ReduceOp.evaluateSequential(ReduceOps.java:921) ~[?:?]
	at java.util.stream.AbstractPipeline.evaluate(AbstractPipeline.java:234) ~[?:?]
	at java.util.stream.ReferencePipeline.collect(ReferencePipeline.java:682) ~[?:?]
	at net.minecraftforge.fml.ModLoader.<init>(ModLoader.java:94) ~[fmlcore-1.18.2-40.1.0.jar%23117!/:?]
	at net.minecraftforge.fml.ModLoader.get(ModLoader.java:126) ~[fmlcore-1.18.2-40.1.0.jar%23117!/:?]
	at net.minecraftforge.client.loading.ClientModLoader.lambda$begin$1(ClientModLoader.java:92) ~[forge-1.18.2-40.1.0-universal.jar%23120!/:?]
	at net.minecraftforge.client.loading.ClientModLoader.lambda$createRunnableWithCatch$4(ClientModLoader.java:113) ~[forge-1.18.2-40.1.0-universal.jar%23120!/:?]
	at net.minecraftforge.client.loading.ClientModLoader.begin(ClientModLoader.java:92) ~[forge-1.18.2-40.1.0-universal.jar%23120!/:?]
	at net.minecraft.client.Minecraft.<init>(Minecraft.java:458) ~[client-1.18.2-20220404.173914-srg.jar%23116!/:?]
	at net.minecraft.client.main.Main.main(Main.java:169) ~[client-1.18.2-20220404.173914-srg.jar%23116!/:?]
	at jdk.internal.reflect.NativeMethodAccessorImpl.invoke0(Native Method) ~[?:?]
	at jdk.internal.reflect.NativeMethodAccessorImpl.invoke(NativeMethodAccessorImpl.java:77) ~[?:?]
	at jdk.internal.reflect.DelegatingMethodAccessorImpl.invoke(DelegatingMethodAccessorImpl.java:43) ~[?:?]
	at java.lang.reflect.Method.invoke(Method.java:568) ~[?:?]
	at net.minecraftforge.fml.loading.targets.CommonClientLaunchHandler.lambda$launchService$0(CommonClientLaunchHandler.java:31) ~[fmlloader-1.18.2-40.1.0.jar%2316!/:?]
	at cpw.mods.modlauncher.LaunchServiceHandlerDecorator.launch(LaunchServiceHandlerDecorator.java:37) [modlauncher-9.1.3.jar%235!/:?]
	at cpw.mods.modlauncher.LaunchServiceHandler.launch(LaunchServiceHandler.java:53) [modlauncher-9.1.3.jar%235!/:?]
	at cpw.mods.modlauncher.LaunchServiceHandler.launch(LaunchServiceHandler.java:71) [modlauncher-9.1.3.jar%235!/:?]
	at cpw.mods.modlauncher.Launcher.run(Launcher.java:106) [modlauncher-9.1.3.jar%235!/:?]
	at cpw.mods.modlauncher.Launcher.main(Launcher.java:77) [modlauncher-9.1.3.jar%235!/:?]
	at cpw.mods.modlauncher.BootstrapLaunchConsumer.accept(BootstrapLaunchConsumer.java:26) [modlauncher-9.1.3.jar%235!/:?]
	at cpw.mods.modlauncher.BootstrapLaunchConsumer.accept(BootstrapLaunchConsumer.java:23) [modlauncher-9.1.3.jar%235!/:?]
	at cpw.mods.bootstraplauncher.BootstrapLauncher.main(BootstrapLauncher.java:149) [bootstraplauncher-1.0.0.jar:?]
[11:38:03] [Render thread/ERROR]: Cowardly refusing to send event net.minecraftforge.client.event.sound.SoundLoadEvent to a broken mod state
[11:38:04] [Render thread/WARN]: [OptiFine] (Reflector) java.lang.ClassNotFoundException: sun.misc.SharedSecrets
[11:38:04] [Render thread/WARN]: [OptiFine] (Reflector) java.lang.ClassNotFoundException: jdk.internal.misc.SharedSecrets
[11:38:04] [Render thread/WARN]: [OptiFine] (Reflector) java.lang.ClassNotFoundException: sun.misc.VM
[11:38:04] [Render thread/WARN]: [OptiFine] (Reflector) java.lang.reflect.InaccessibleObjectException: Unable to make public static long jdk.internal.misc.VM.maxDirectMemory() accessible: module java.base does not "exports jdk.internal.misc" to module net.optifine
[11:38:04] [Render thread/ERROR]: Cowardly refusing to send event net.minecraftforge.client.event.ColorHandlerEvent$Block to a broken mod state
[11:38:04] [Render thread/ERROR]: Cowardly refusing to send event net.minecraftforge.client.event.ColorHandlerEvent$Item to a broken mod state
[11:38:07] [Render thread/ERROR]: Cowardly refusing to send event net.minecraftforge.client.event.ParticleFactoryRegisterEvent to a broken mod state
[11:38:07] [Render thread/INFO]: Narrator library for x64 successfully loaded
[11:38:07] [Render thread/ERROR]: Cowardly refusing to send event net.minecraftforge.client.event.RegisterClientReloadListenersEvent to a broken mod state
[11:38:07] [Render thread/ERROR]: Cowardly refusing to send event net.minecraftforge.client.event.EntityRenderersEvent$RegisterLayerDefinitions to a broken mod state
[11:38:07] [Render thread/ERROR]: Cowardly refusing to send event net.minecraftforge.client.event.EntityRenderersEvent$RegisterRenderers to a broken mod state
[11:38:08] [Render thread/INFO]: Reloading ResourceManager: Default
[11:38:08] [Render thread/INFO]: [OptiFine] *** Reloading textures ***
[11:38:08] [Render thread/INFO]: [OptiFine] Resource packs: Default
[11:38:08] [Worker-Main-8/ERROR]: Cowardly refusing to send event net.minecraftforge.client.event.ModelRegistryEvent to a broken mod state
[11:38:08] [Worker-Main-11/INFO]: [OptiFine] Multitexture: false
[11:38:08] [Worker-Main-13/INFO]: [OptiFine] Multitexture: false
[11:38:08] [Worker-Main-12/INFO]: [OptiFine] Multitexture: false
[11:38:08] [Worker-Main-13/ERROR]: Cowardly refusing to send event net.minecraftforge.client.event.TextureStitchEvent$Pre to a broken mod state
[11:38:08] [Worker-Main-11/ERROR]: Cowardly refusing to send event net.minecraftforge.client.event.TextureStitchEvent$Pre to a broken mod state
[11:38:08] [Worker-Main-12/ERROR]: Cowardly refusing to send event net.minecraftforge.client.event.TextureStitchEvent$Pre to a broken mod state
[11:38:10] [Render thread/INFO]: [OptiFine] *** Reflector Forge ***
[11:38:10] [Render thread/INFO]: [OptiFine] (Reflector) Class not present: mods.betterfoliage.client.BetterFoliageClient
[11:38:10] [Render thread/WARN]: [OptiFine] (Reflector) More than one method found: net.minecraftforge.client.ForgeHooksClient.onFogRender
[11:38:10] [Render thread/WARN]: [OptiFine] (Reflector)  - public static void net.minecraftforge.client.ForgeHooksClient.onFogRender(net.minecraft.client.renderer.FogRenderer$FogMode,net.minecraft.client.Camera,float,float)
[11:38:10] [Render thread/WARN]: [OptiFine] (Reflector)  - public static void net.minecraftforge.client.ForgeHooksClient.onFogRender(net.minecraft.client.renderer.FogRenderer$FogMode,net.minecraft.client.Camera,float,float,float,com.mojang.blaze3d.shaders.FogShape)
[11:38:11] [Render thread/INFO]: [OptiFine] *** Reflector Vanilla ***
[11:38:26] [Worker-Main-8/INFO]: [OptiFine] Multitexture: false
[11:38:26] [Worker-Main-8/INFO]: [OptiFine] ConnectedTextures: optifine/ctm/default/00_glass_white/glass_pane_white.properties
[11:38:26] [Worker-Main-8/INFO]: [OptiFine] ConnectedTextures: optifine/ctm/default/00_glass_white/glass_white.properties
[11:38:26] [Worker-Main-8/INFO]: [OptiFine] ConnectedTextures: optifine/ctm/default/01_glass_orange/glass_orange.properties
[11:38:26] [Worker-Main-8/INFO]: [OptiFine] ConnectedTextures: optifine/ctm/default/01_glass_orange/glass_pane_orange.properties
[11:38:26] [Worker-Main-8/INFO]: [OptiFine] ConnectedTextures: optifine/ctm/default/02_glass_magenta/glass_magenta.properties
[11:38:26] [Worker-Main-8/INFO]: [OptiFine] ConnectedTextures: optifine/ctm/default/02_glass_magenta/glass_pane_magenta.properties
[11:38:26] [Worker-Main-8/INFO]: [OptiFine] ConnectedTextures: optifine/ctm/default/03_glass_light_blue/glass_light_blue.properties
[11:38:26] [Worker-Main-8/INFO]: [OptiFine] ConnectedTextures: optifine/ctm/default/03_glass_light_blue/glass_pane_light_blue.properties
[11:38:27] [Worker-Main-8/INFO]: [OptiFine] ConnectedTextures: optifine/ctm/default/04_glass_yellow/glass_pane_yellow.properties
[11:38:27] [Worker-Main-8/INFO]: [OptiFine] ConnectedTextures: optifine/ctm/default/04_glass_yellow/glass_yellow.properties
[11:38:27] [Worker-Main-8/INFO]: [OptiFine] ConnectedTextures: optifine/ctm/default/05_glass_lime/glass_lime.properties
[11:38:27] [Worker-Main-8/INFO]: [OptiFine] ConnectedTextures: optifine/ctm/default/05_glass_lime/glass_pane_lime.properties
[11:38:27] [Worker-Main-8/INFO]: [OptiFine] ConnectedTextures: optifine/ctm/default/06_glass_pink/glass_pane_pink.properties
[11:38:27] [Worker-Main-8/INFO]: [OptiFine] ConnectedTextures: optifine/ctm/default/06_glass_pink/glass_pink.properties
[11:38:27] [Worker-Main-8/INFO]: [OptiFine] ConnectedTextures: optifine/ctm/default/07_glass_gray/glass_gray.properties
[11:38:27] [Worker-Main-8/INFO]: [OptiFine] ConnectedTextures: optifine/ctm/default/07_glass_gray/glass_pane_gray.properties
[11:38:27] [Worker-Main-8/INFO]: [OptiFine] ConnectedTextures: optifine/ctm/default/08_glass_light_gray/glass_light_gray.properties
[11:38:27] [Worker-Main-8/INFO]: [OptiFine] ConnectedTextures: optifine/ctm/default/08_glass_light_gray/glass_pane_light_gray.properties
[11:38:27] [Worker-Main-8/INFO]: [OptiFine] ConnectedTextures: optifine/ctm/default/09_glass_cyan/glass_cyan.properties
[11:38:27] [Worker-Main-8/INFO]: [OptiFine] ConnectedTextures: optifine/ctm/default/09_glass_cyan/glass_pane_cyan.properties
[11:38:27] [Worker-Main-8/INFO]: [OptiFine] ConnectedTextures: optifine/ctm/default/10_glass_purple/glass_pane_purple.properties
[11:38:27] [Worker-Main-8/INFO]: [OptiFine] ConnectedTextures: optifine/ctm/default/10_glass_purple/glass_purple.properties
[11:38:27] [Worker-Main-8/INFO]: [OptiFine] ConnectedTextures: optifine/ctm/default/11_glass_blue/glass_blue.properties
[11:38:27] [Worker-Main-8/INFO]: [OptiFine] ConnectedTextures: optifine/ctm/default/11_glass_blue/glass_pane_blue.properties
[11:38:27] [Worker-Main-8/INFO]: [OptiFine] ConnectedTextures: optifine/ctm/default/12_glass_brown/glass_brown.properties
[11:38:27] [Worker-Main-8/INFO]: [OptiFine] ConnectedTextures: optifine/ctm/default/12_glass_brown/glass_pane_brown.properties
[11:38:28] [Worker-Main-8/INFO]: [OptiFine] ConnectedTextures: optifine/ctm/default/13_glass_green/glass_green.properties
[11:38:28] [Worker-Main-8/INFO]: [OptiFine] ConnectedTextures: optifine/ctm/default/13_glass_green/glass_pane_green.properties
[11:38:28] [Worker-Main-8/INFO]: [OptiFine] ConnectedTextures: optifine/ctm/default/14_glass_red/glass_pane_red.properties
[11:38:28] [Worker-Main-8/INFO]: [OptiFine] ConnectedTextures: optifine/ctm/default/14_glass_red/glass_red.properties
[11:38:28] [Worker-Main-8/INFO]: [OptiFine] ConnectedTextures: optifine/ctm/default/15_glass_black/glass_black.properties
[11:38:28] [Worker-Main-8/INFO]: [OptiFine] ConnectedTextures: optifine/ctm/default/15_glass_black/glass_pane_black.properties
[11:38:28] [Worker-Main-8/INFO]: [OptiFine] ConnectedTextures: optifine/ctm/default/20_glass/glass.properties
[11:38:28] [Worker-Main-8/INFO]: [OptiFine] ConnectedTextures: optifine/ctm/default/20_glass/glass_pane.properties
[11:38:28] [Worker-Main-8/INFO]: [OptiFine] ConnectedTextures: optifine/ctm/default/21_tinted_glass/tinted_glass.properties
[11:38:28] [Worker-Main-8/INFO]: [OptiFine] ConnectedTextures: optifine/ctm/default/30_bookshelf/bookshelf.properties
[11:38:28] [Worker-Main-8/INFO]: [OptiFine] ConnectedTextures: optifine/ctm/default/40_sandstone/sandstone.properties
[11:38:28] [Worker-Main-8/INFO]: [OptiFine] ConnectedTextures: optifine/ctm/default/41_red_sandstone/red_sandstone.properties
[11:38:28] [Worker-Main-8/INFO]: [OptiFine] Multipass connected textures: false
[11:38:28] [Worker-Main-8/INFO]: [OptiFine] BetterGrass: Parsing default configuration optifine/bettergrass.properties
[11:38:43] [Worker-Main-8/INFO]: [OptiFine] Mipmap levels: 4
[11:38:43] [Worker-Main-8/ERROR]: Cowardly refusing to send event net.minecraftforge.client.event.TextureStitchEvent$Pre to a broken mod state
[11:38:49] [Worker-Main-8/INFO]: [OptiFine] Multitexture: false
[11:38:49] [Worker-Main-8/INFO]: [OptiFine] Sprite size: 64
[11:38:49] [Worker-Main-8/INFO]: [OptiFine] Mipmap levels: 6
[11:38:49] [Worker-Main-8/ERROR]: Cowardly refusing to send event net.minecraftforge.client.event.TextureStitchEvent$Pre to a broken mod state
[11:38:49] [Worker-Main-8/INFO]: [OptiFine] Scaled too small texture: minecraft:optifine/ctm/default/empty, 16 -> 64
[11:38:49] [Worker-Main-8/WARN]: Unused frames in sprite minecraft:missingno: [1, 2, 3, 4, 5, 6, 7, 8, 9, 10, 11, 12, 13, 14, 15]
[11:38:50] [Worker-Main-8/INFO]: [OptiFine] Multitexture: false
[11:38:50] [Worker-Main-8/INFO]: [OptiFine] Sprite size: 64
[11:38:50] [Worker-Main-8/INFO]: [OptiFine] Mipmap levels: 6
[11:38:50] [Worker-Main-8/ERROR]: Cowardly refusing to send event net.minecraftforge.client.event.TextureStitchEvent$Pre to a broken mod state
[11:38:50] [Worker-Main-8/INFO]: [OptiFine] Scaled too small texture: minecraft:optifine/ctm/default/empty, 16 -> 64
[11:38:50] [Worker-Main-8/WARN]: Unused frames in sprite minecraft:missingno: [1, 2, 3, 4, 5, 6, 7, 8, 9, 10, 11, 12, 13, 14, 15]
[11:38:50] [Worker-Main-8/INFO]: [OptiFine] Multitexture: false
[11:38:51] [Worker-Main-8/INFO]: [OptiFine] Sprite size: 64
[11:38:51] [Worker-Main-8/INFO]: [OptiFine] Mipmap levels: 6
[11:38:51] [Worker-Main-8/ERROR]: Cowardly refusing to send event net.minecraftforge.client.event.TextureStitchEvent$Pre to a broken mod state
[11:38:51] [Worker-Main-8/INFO]: [OptiFine] Scaled too small texture: minecraft:optifine/ctm/default/empty, 16 -> 64
[11:38:51] [Worker-Main-8/WARN]: Unused frames in sprite minecraft:missingno: [1, 2, 3, 4, 5, 6, 7, 8, 9, 10, 11, 12, 13, 14, 15]
[11:38:51] [Worker-Main-8/INFO]: [OptiFine] Multitexture: false
[11:38:51] [Worker-Main-8/INFO]: [OptiFine] Sprite size: 64
[11:38:51] [Worker-Main-8/INFO]: [OptiFine] Mipmap levels: 6
[11:38:51] [Worker-Main-8/ERROR]: Cowardly refusing to send event net.minecraftforge.client.event.TextureStitchEvent$Pre to a broken mod state
[11:38:51] [Worker-Main-8/INFO]: [OptiFine] Scaled too small texture: minecraft:optifine/ctm/default/empty, 16 -> 64
[11:38:51] [Worker-Main-8/WARN]: Unused frames in sprite minecraft:missingno: [1, 2, 3, 4, 5, 6, 7, 8, 9, 10, 11, 12, 13, 14, 15]
[11:38:51] [Worker-Main-8/INFO]: [OptiFine] Multitexture: false
[11:38:51] [Worker-Main-8/INFO]: [OptiFine] Sprite size: 64
[11:38:51] [Worker-Main-8/INFO]: [OptiFine] Mipmap levels: 6
[11:38:51] [Worker-Main-8/ERROR]: Cowardly refusing to send event net.minecraftforge.client.event.TextureStitchEvent$Pre to a broken mod state
[11:38:51] [Worker-Main-8/INFO]: [OptiFine] Scaled too small texture: minecraft:optifine/ctm/default/empty, 16 -> 64
[11:38:51] [Worker-Main-8/WARN]: Unused frames in sprite minecraft:missingno: [1, 2, 3, 4, 5, 6, 7, 8, 9, 10, 11, 12, 13, 14, 15]
[11:38:51] [Worker-Main-8/INFO]: [OptiFine] Multitexture: false
[11:38:52] [Worker-Main-8/INFO]: [OptiFine] Sprite size: 64
[11:38:52] [Worker-Main-8/INFO]: [OptiFine] Mipmap levels: 6
[11:38:52] [Worker-Main-8/ERROR]: Cowardly refusing to send event net.minecraftforge.client.event.TextureStitchEvent$Pre to a broken mod state
[11:38:52] [Worker-Main-8/INFO]: [OptiFine] Scaled too small texture: minecraft:optifine/ctm/default/empty, 16 -> 64
[11:38:52] [Worker-Main-8/WARN]: Unused frames in sprite minecraft:missingno: [1, 2, 3, 4, 5, 6, 7, 8, 9, 10, 11, 12, 13, 14, 15]
[11:38:54] [Render thread/INFO]: OpenAL initialized on device OpenAL Soft on Speakers (Realtek(R) Audio)
[11:38:54] [Render thread/INFO]: Sound engine started
[11:38:55] [Render thread/INFO]: Created: 1024x1024x4 minecraft:textures/atlas/blocks.png-atlas
[11:38:56] [Render thread/INFO]: [OptiFine] Animated sprites: 45
[11:38:56] [Render thread/ERROR]: Cowardly refusing to send event net.minecraftforge.client.event.TextureStitchEvent$Post to a broken mod state
[11:38:56] [Render thread/INFO]: Created: 256x128x4 minecraft:textures/atlas/signs.png-atlas
[11:38:56] [Render thread/INFO]: [OptiFine] Animated sprites: 0
[11:38:56] [Render thread/ERROR]: Cowardly refusing to send event net.minecraftforge.client.event.TextureStitchEvent$Post to a broken mod state
[11:38:56] [Render thread/INFO]: Created: 512x512x4 minecraft:textures/atlas/banner_patterns.png-atlas
[11:38:56] [Render thread/INFO]: [OptiFine] Animated sprites: 0
[11:38:56] [Render thread/ERROR]: Cowardly refusing to send event net.minecraftforge.client.event.TextureStitchEvent$Post to a broken mod state
[11:38:56] [Render thread/INFO]: Created: 512x512x4 minecraft:textures/atlas/shield_patterns.png-atlas
[11:38:56] [Render thread/INFO]: [OptiFine] Animated sprites: 0
[11:38:56] [Render thread/ERROR]: Cowardly refusing to send event net.minecraftforge.client.event.TextureStitchEvent$Post to a broken mod state
[11:38:56] [Render thread/INFO]: Created: 256x256x4 minecraft:textures/atlas/chest.png-atlas
[11:38:56] [Render thread/INFO]: [OptiFine] Animated sprites: 0
[11:38:56] [Render thread/ERROR]: Cowardly refusing to send event net.minecraftforge.client.event.TextureStitchEvent$Post to a broken mod state
[11:38:56] [Render thread/INFO]: Created: 512x256x4 minecraft:textures/atlas/beds.png-atlas
[11:38:56] [Render thread/INFO]: [OptiFine] Animated sprites: 0
[11:38:56] [Render thread/ERROR]: Cowardly refusing to send event net.minecraftforge.client.event.TextureStitchEvent$Post to a broken mod state
[11:38:56] [Render thread/INFO]: Created: 512x256x4 minecraft:textures/atlas/shulker_boxes.png-atlas
[11:38:56] [Render thread/INFO]: [OptiFine] Animated sprites: 0
[11:38:56] [Render thread/ERROR]: Cowardly refusing to send event net.minecraftforge.client.event.TextureStitchEvent$Post to a broken mod state
[11:38:59] [Render thread/ERROR]: Cowardly refusing to send event net.minecraftforge.client.event.ModelBakeEvent to a broken mod state
[11:39:00] [Render thread/ERROR]: Cowardly refusing to send event net.minecraftforge.client.event.EntityRenderersEvent$CreateSkullModels to a broken mod state
[11:39:00] [Render thread/ERROR]: Cowardly refusing to send event net.minecraftforge.client.event.EntityRenderersEvent$AddLayers to a broken mod state
[11:39:01] [Render thread/ERROR]: Cowardly refusing to send event net.minecraftforge.client.event.RegisterShadersEvent to a broken mod state
[11:39:02] [Render thread/INFO]: Created: 256x256x0 minecraft:textures/atlas/particles.png-atlas
[11:39:02] [Render thread/INFO]: [OptiFine] Animated sprites: 1
[11:39:02] [Render thread/ERROR]: Cowardly refusing to send event net.minecraftforge.client.event.TextureStitchEvent$Post to a broken mod state
[11:39:03] [Render thread/INFO]: Created: 256x256x0 minecraft:textures/atlas/paintings.png-atlas
[11:39:03] [Render thread/INFO]: [OptiFine] Animated sprites: 0
[11:39:03] [Render thread/ERROR]: Cowardly refusing to send event net.minecraftforge.client.event.TextureStitchEvent$Post to a broken mod state
[11:39:03] [Render thread/INFO]: Created: 128x128x0 minecraft:textures/atlas/mob_effects.png-atlas
[11:39:03] [Render thread/INFO]: [OptiFine] Animated sprites: 0
[11:39:03] [Render thread/ERROR]: Cowardly refusing to send event net.minecraftforge.client.event.TextureStitchEvent$Post to a broken mod state
[11:39:03] [Render thread/INFO]: [OptiFine] *** Reloading custom textures ***
